<?xml version="1.0" encoding="UTF-8"?>
<!-- Generated by org.testng.reporters.JUnitReportReporter -->
<testsuite hostname="MGTECHLPT311" failures="0" tests="2" name="TestRunner_File.Mobile_Runner" time="59.857" errors="0" timestamp="2024-02-29T13:23:00 IST" skipped="0">
  <testcase classname="TestRunner_File.Mobile_Runner" name="runScenario" time="19.328"/>
  <testcase classname="TestRunner_File.Mobile_Runner" name="runScenario" time="40.529"/>
</testsuite> <!-- TestRunner_File.Mobile_Runner -->
